\BOOKMARK [1][-]{section.1}{Introduction}{}% 1
\BOOKMARK [1][-]{section.2}{Feature Design}{}% 2
\BOOKMARK [1][-]{section.3}{Algorithms}{}% 3
\BOOKMARK [2][-]{subsection.3.1}{Support Vector Machines}{section.3}% 4
\BOOKMARK [2][-]{subsection.3.2}{Neural Networks}{section.3}% 5
\BOOKMARK [2][-]{subsection.3.3}{Convolutional Neural Networks}{section.3}% 6
\BOOKMARK [2][-]{subsection.3.4}{k-Nearest Neighbors}{section.3}% 7
\BOOKMARK [2][-]{subsection.3.5}{Random Forests}{section.3}% 8
\BOOKMARK [1][-]{section.4}{Methodology}{}% 9
\BOOKMARK [2][-]{subsection.4.1}{Support Vector Machines}{section.4}% 10
\BOOKMARK [2][-]{subsection.4.2}{Neural Networks}{section.4}% 11
\BOOKMARK [2][-]{subsection.4.3}{Convolutional Neural Networks}{section.4}% 12
\BOOKMARK [2][-]{subsection.4.4}{k-Nearest Neighbors}{section.4}% 13
\BOOKMARK [2][-]{subsection.4.5}{Random Forests}{section.4}% 14
\BOOKMARK [1][-]{section.5}{Results}{}% 15
\BOOKMARK [2][-]{subsection.5.1}{Support Vector Machines}{section.5}% 16
\BOOKMARK [2][-]{subsection.5.2}{Neural Networks}{section.5}% 17
\BOOKMARK [2][-]{subsection.5.3}{Convolutional Neural Networks}{section.5}% 18
\BOOKMARK [2][-]{subsection.5.4}{K-Nearest Neighbors}{section.5}% 19
\BOOKMARK [2][-]{subsection.5.5}{Random Forests}{section.5}% 20
\BOOKMARK [1][-]{section.6}{Discussion}{}% 21
\BOOKMARK [2][-]{subsection.6.1}{Pre-Processing}{section.6}% 22
\BOOKMARK [2][-]{subsection.6.2}{Pros/Cons of methodology}{section.6}% 23
\BOOKMARK [1][-]{section.7}{Statement of Contributions}{}% 24
\BOOKMARK [1][-]{section.8}{APPENDIX}{}% 25
